d:\fu-work\vchat\vchat-dev\server\visual studio projects\dll\essfun\essfun\release\vc143.pdb
d:\fu-work\vchat\vchat-dev\server\visual studio projects\dll\essfun\essfun\release\essfunc.obj
d:\fu-work\vchat\vchat-dev\server\visual studio projects\dll\essfun\release\essfun.dll
d:\fu-work\vchat\vchat-dev\server\visual studio projects\dll\essfun\release\essfun.map
d:\fu-work\vchat\vchat-dev\server\visual studio projects\dll\essfun\release\essfun.pdb
d:\fu-work\vchat\vchat-dev\server\visual studio projects\dll\essfun\release\libessfunc.a
d:\fu-work\vchat\vchat-dev\server\visual studio projects\dll\essfun\release\libessfunc.exp
d:\fu-work\vchat\vchat-dev\server\visual studio projects\dll\essfun\essfun\release\essfun.iobj
d:\onedrive\onedrive - university of massachusetts lowell - umass lowell\fxw\uml\classes\malwareanalysis\vchat\server\visual studio projects\dll\essfun\essfun\release\essfunc.obj
d:\onedrive\onedrive - university of massachusetts lowell - umass lowell\fxw\uml\classes\malwareanalysis\vchat\server\visual studio projects\dll\essfun\essfun\release\essfun.iobj
d:\onedrive\onedrive - university of massachusetts lowell - umass lowell\fxw\uml\classes\malwareanalysis\vchat\server\visual studio projects\dll\essfun\essfun\release\vc143.pdb
d:\onedrive\onedrive - university of massachusetts lowell - umass lowell\fxw\uml\classes\malwareanalysis\vchat\server\visual studio projects\dll\essfun\release\essfun.pdb
d:\onedrive\onedrive - university of massachusetts lowell - umass lowell\fxw\uml\classes\malwareanalysis\vchat\server\visual studio projects\dll\essfun\release\essfun.dll
d:\onedrive\onedrive - university of massachusetts lowell - umass lowell\fxw\uml\classes\malwareanalysis\vchat\server\visual studio projects\dll\essfun\essfun\release\essfun.tlog\cl.command.1.tlog
d:\onedrive\onedrive - university of massachusetts lowell - umass lowell\fxw\uml\classes\malwareanalysis\vchat\server\visual studio projects\dll\essfun\essfun\release\essfun.tlog\cl.items.tlog
d:\onedrive\onedrive - university of massachusetts lowell - umass lowell\fxw\uml\classes\malwareanalysis\vchat\server\visual studio projects\dll\essfun\essfun\release\essfun.tlog\cl.read.1.tlog
d:\onedrive\onedrive - university of massachusetts lowell - umass lowell\fxw\uml\classes\malwareanalysis\vchat\server\visual studio projects\dll\essfun\essfun\release\essfun.tlog\cl.write.1.tlog
d:\onedrive\onedrive - university of massachusetts lowell - umass lowell\fxw\uml\classes\malwareanalysis\vchat\server\visual studio projects\dll\essfun\essfun\release\essfun.tlog\link.command.1.tlog
d:\onedrive\onedrive - university of massachusetts lowell - umass lowell\fxw\uml\classes\malwareanalysis\vchat\server\visual studio projects\dll\essfun\essfun\release\essfun.tlog\link.read.1.tlog
d:\onedrive\onedrive - university of massachusetts lowell - umass lowell\fxw\uml\classes\malwareanalysis\vchat\server\visual studio projects\dll\essfun\essfun\release\essfun.tlog\link.secondary.1.tlog
d:\onedrive\onedrive - university of massachusetts lowell - umass lowell\fxw\uml\classes\malwareanalysis\vchat\server\visual studio projects\dll\essfun\essfun\release\essfun.tlog\link.write.1.tlog
